<?xml version="1.0" encoding="UTF-8"?>
<!-- Generated by org.testng.reporters.JUnitXMLReporter -->
<testsuite ignored="6" hostname="LTIN291834" failures="0" tests="18" name="Test" time="51.522" errors="0" timestamp="2024-02-13T09:40:13 IST">
  <testcase classname="testCases.TC_001_CarLoan" name="carLoanTest" time="0.049"/>
  <testcase classname="testCases.TC_001_CarLoan" name="carloanvalue" time="1.776"/>
  <testcase classname="testCases.TC_001_CarLoan" name="click_HomeLoan" time="1.957"/>
  <testcase classname="testCases.TC_001_CarLoan" name="homeLoanTest" time="3.907"/>
  <testcase classname="testCases.TC_001_CarLoan" name="excel" time="3.27"/>
  <testcase classname="testCases.TC_002_EMI" name="enterLoanAmt" time="2.988"/>
  <testcase classname="testCases.TC_002_EMI" name="enterInterest" time="2.975"/>
  <testcase classname="testCases.TC_002_EMI" name="enterLoan" time="0.344"/>
  <testcase classname="testCases.TC_002_EMI" name="enterFees" time="3.228"/>
  <testcase classname="testCases.TC_003_Amount" name="loanAmtuiTest" time="0.203"/>
  <testcase classname="testCases.TC_003_Amount" name="enterEMI" time="2.988"/>
  <testcase classname="testCases.TC_003_Amount" name="enterInterest" time="2.935"/>
  <testcase classname="testCases.TC_003_Amount" name="enterTenure" time="0.223"/>
  <testcase classname="testCases.TC_003_Amount" name="enterFees" time="3.114"/>
  <testcase classname="testCases.TC_004_Tenure" name="loanTenureuiTest" time="0.14"/>
  <testcase classname="testCases.TC_004_Tenure" name="loantenuretest" time="3.064"/>
  <testcase classname="testCases.TC_004_Tenure" name="loanInterestTest" time="2.919"/>
  <testcase classname="testCases.TC_004_Tenure" name="loanFeesTest" time="3.107"/>
  <testcase classname="testBase.BaseClass" name="@BeforeTest setup" time="0.0">
    <ignored/>
  </testcase> <!-- @BeforeTest setup -->
  <testcase classname="testBase.BaseClass" name="@BeforeTest setup" time="0.0">
    <ignored/>
  </testcase> <!-- @BeforeTest setup -->
  <testcase classname="testBase.BaseClass" name="@AfterTest teardown" time="0.0">
    <ignored/>
  </testcase> <!-- @AfterTest teardown -->
  <testcase classname="testBase.BaseClass" name="@AfterTest teardown" time="0.0">
    <ignored/>
  </testcase> <!-- @AfterTest teardown -->
  <testcase classname="testBase.BaseClass" name="@BeforeTest setup" time="0.0">
    <ignored/>
  </testcase> <!-- @BeforeTest setup -->
  <testcase classname="testBase.BaseClass" name="@AfterTest teardown" time="0.0">
    <ignored/>
  </testcase> <!-- @AfterTest teardown -->
</testsuite> <!-- Test -->
