<?xml version="1.0" encoding="UTF-8"?>
<!-- Generated by org.testng.reporters.JUnitXMLReporter -->
<testsuite ignored="6" hostname="LTIN291834" failures="0" tests="18" name="Test1" time="57.831" errors="0" timestamp="2024-02-12T12:57:41 IST">
  <testcase classname="testCases.TC_001_CarLoan" name="carLoanTest" time="0.049"/>
  <testcase classname="testCases.TC_001_CarLoan" name="carloanvalue" time="1.977"/>
  <testcase classname="testCases.TC_001_CarLoan" name="click_HomeLoan" time="0.885"/>
  <testcase classname="testCases.TC_001_CarLoan" name="homeLoanTest" time="5.0"/>
  <testcase classname="testCases.TC_001_CarLoan" name="excel" time="3.745"/>
  <testcase classname="testCases.TC_002_EMI" name="enterLoanAmt" time="3.08"/>
  <testcase classname="testCases.TC_002_EMI" name="enterInterest" time="3.169"/>
  <testcase classname="testCases.TC_002_EMI" name="enterLoan" time="0.488"/>
  <testcase classname="testCases.TC_002_EMI" name="enterFees" time="3.418"/>
  <testcase classname="testCases.TC_003_Amount" name="loanAmtuiTest" time="0.308"/>
  <testcase classname="testCases.TC_003_Amount" name="enterEMI" time="3.084"/>
  <testcase classname="testCases.TC_003_Amount" name="enterInterest" time="3.003"/>
  <testcase classname="testCases.TC_003_Amount" name="enterTenure" time="0.43"/>
  <testcase classname="testCases.TC_003_Amount" name="enterFees" time="3.303"/>
  <testcase classname="testCases.TC_004_Tenure" name="loanTenureuiTest" time="0.25"/>
  <testcase classname="testCases.TC_004_Tenure" name="loantenuretest" time="3.629"/>
  <testcase classname="testCases.TC_004_Tenure" name="loanInterestTest" time="3.112"/>
  <testcase classname="testCases.TC_004_Tenure" name="loanFeesTest" time="3.763"/>
  <testcase classname="testBase.BaseClass" name="@AfterTest teardown" time="0.0">
    <ignored/>
  </testcase> <!-- @AfterTest teardown -->
  <testcase classname="testBase.BaseClass" name="@BeforeTest setup" time="0.0">
    <ignored/>
  </testcase> <!-- @BeforeTest setup -->
  <testcase classname="testBase.BaseClass" name="@AfterTest teardown" time="0.0">
    <ignored/>
  </testcase> <!-- @AfterTest teardown -->
  <testcase classname="testBase.BaseClass" name="@AfterTest teardown" time="0.0">
    <ignored/>
  </testcase> <!-- @AfterTest teardown -->
  <testcase classname="testBase.BaseClass" name="@BeforeTest setup" time="0.0">
    <ignored/>
  </testcase> <!-- @BeforeTest setup -->
  <testcase classname="testBase.BaseClass" name="@BeforeTest setup" time="0.0">
    <ignored/>
  </testcase> <!-- @BeforeTest setup -->
</testsuite> <!-- Test1 -->
