<?xml version="1.0" encoding="UTF-8"?>
<!-- Generated by org.testng.reporters.JUnitXMLReporter -->
<testsuite ignored="6" hostname="LTIN291834" failures="0" tests="19" name="Test" time="56.422" errors="0" timestamp="2024-02-09T15:58:10 IST">
  <testcase classname="testCases.TC_001_CarLoan" name="carLoanTest" time="0.047"/>
  <testcase classname="testCases.TC_001_CarLoan" name="carloanvalue" time="1.623"/>
  <testcase classname="testCases.TC_001_CarLoan" name="click_HomeLoan" time="0.772"/>
  <testcase classname="testCases.TC_001_CarLoan" name="homeLoanTest" time="3.952"/>
  <testcase classname="testCases.TC_001_CarLoan" name="excel" time="3.129"/>
  <testcase classname="testCases.TC_002_EMI" name="emicalculator" time="0.894"/>
  <testcase classname="testCases.TC_002_EMI" name="enterLoanAmt" time="3.115"/>
  <testcase classname="testCases.TC_002_EMI" name="enterInterest" time="3.156"/>
  <testcase classname="testCases.TC_002_EMI" name="enterLoan" time="0.503"/>
  <testcase classname="testCases.TC_002_EMI" name="enterFees" time="3.382"/>
  <testcase classname="testCases.TC_003_Amount" name="loanAmtuiTest" time="0.243"/>
  <testcase classname="testCases.TC_003_Amount" name="enterEMI" time="3.028"/>
  <testcase classname="testCases.TC_003_Amount" name="enterInterest" time="3.016"/>
  <testcase classname="testCases.TC_003_Amount" name="enterTenure" time="0.506"/>
  <testcase classname="testCases.TC_003_Amount" name="enterFees" time="3.387"/>
  <testcase classname="testCases.TC_004_Tenure" name="loanTenureuiTest" time="0.285"/>
  <testcase classname="testCases.TC_004_Tenure" name="loantenuretest" time="3.416"/>
  <testcase classname="testCases.TC_004_Tenure" name="loanInterestTest" time="3.093"/>
  <testcase classname="testCases.TC_004_Tenure" name="loanFeesTest" time="3.512"/>
  <testcase classname="testBase.BaseClass" name="@AfterTest teardown" time="0.0">
    <ignored/>
  </testcase> <!-- @AfterTest teardown -->
  <testcase classname="testBase.BaseClass" name="@BeforeTest setup" time="0.0">
    <ignored/>
  </testcase> <!-- @BeforeTest setup -->
  <testcase classname="testBase.BaseClass" name="@BeforeTest setup" time="0.0">
    <ignored/>
  </testcase> <!-- @BeforeTest setup -->
  <testcase classname="testBase.BaseClass" name="@AfterTest teardown" time="0.0">
    <ignored/>
  </testcase> <!-- @AfterTest teardown -->
  <testcase classname="testBase.BaseClass" name="@AfterTest teardown" time="0.0">
    <ignored/>
  </testcase> <!-- @AfterTest teardown -->
  <testcase classname="testBase.BaseClass" name="@BeforeTest setup" time="0.0">
    <ignored/>
  </testcase> <!-- @BeforeTest setup -->
</testsuite> <!-- Test -->
