<?xml version="1.0" encoding="UTF-8"?>
<!-- Generated by org.testng.reporters.JUnitXMLReporter -->
<testsuite ignored="6" hostname="LTIN291834" failures="0" tests="18" name="Test2" time="87.061" errors="0" timestamp="2024-02-12T12:59:13 IST">
  <testcase classname="testCases.TC_001_CarLoan" name="carLoanTest" time="0.028"/>
  <testcase classname="testCases.TC_001_CarLoan" name="carloanvalue" time="2.045"/>
  <testcase classname="testCases.TC_001_CarLoan" name="click_HomeLoan" time="6.267"/>
  <testcase classname="testCases.TC_001_CarLoan" name="homeLoanTest" time="4.699"/>
  <testcase classname="testCases.TC_001_CarLoan" name="excel" time="18.222"/>
  <testcase classname="testCases.TC_002_EMI" name="enterLoanAmt" time="3.137"/>
  <testcase classname="testCases.TC_002_EMI" name="enterInterest" time="3.128"/>
  <testcase classname="testCases.TC_002_EMI" name="enterLoan" time="0.449"/>
  <testcase classname="testCases.TC_002_EMI" name="enterFees" time="3.531"/>
  <testcase classname="testCases.TC_003_Amount" name="loanAmtuiTest" time="0.339"/>
  <testcase classname="testCases.TC_003_Amount" name="enterEMI" time="3.124"/>
  <testcase classname="testCases.TC_003_Amount" name="enterInterest" time="3.147"/>
  <testcase classname="testCases.TC_003_Amount" name="enterTenure" time="0.564"/>
  <testcase classname="testCases.TC_003_Amount" name="enterFees" time="3.412"/>
  <testcase classname="testCases.TC_004_Tenure" name="loanTenureuiTest" time="0.285"/>
  <testcase classname="testCases.TC_004_Tenure" name="loantenuretest" time="3.386"/>
  <testcase classname="testCases.TC_004_Tenure" name="loanInterestTest" time="3.6"/>
  <testcase classname="testCases.TC_004_Tenure" name="loanFeesTest" time="3.638"/>
  <testcase classname="testBase.BaseClass" name="@AfterTest teardown" time="0.0">
    <ignored/>
  </testcase> <!-- @AfterTest teardown -->
  <testcase classname="testBase.BaseClass" name="@BeforeTest setup" time="0.0">
    <ignored/>
  </testcase> <!-- @BeforeTest setup -->
  <testcase classname="testBase.BaseClass" name="@BeforeTest setup" time="0.0">
    <ignored/>
  </testcase> <!-- @BeforeTest setup -->
  <testcase classname="testBase.BaseClass" name="@AfterTest teardown" time="0.0">
    <ignored/>
  </testcase> <!-- @AfterTest teardown -->
  <testcase classname="testBase.BaseClass" name="@BeforeTest setup" time="0.0">
    <ignored/>
  </testcase> <!-- @BeforeTest setup -->
  <testcase classname="testBase.BaseClass" name="@AfterTest teardown" time="0.0">
    <ignored/>
  </testcase> <!-- @AfterTest teardown -->
</testsuite> <!-- Test2 -->
