<?xml version="1.0" encoding="UTF-8"?>
<!-- Generated by org.testng.reporters.JUnitXMLReporter -->
<testsuite ignored="6" hostname="LTIN291834" failures="0" tests="19" name="Test" time="47.072" errors="0" timestamp="2024-02-09T17:09:39 IST">
  <testcase classname="testCases.TC_001_CarLoan" name="carLoanTest" time="0.063"/>
  <testcase classname="testCases.TC_001_CarLoan" name="carloanvalue" time="1.382"/>
  <testcase classname="testCases.TC_001_CarLoan" name="click_HomeLoan" time="0.472"/>
  <testcase classname="testCases.TC_001_CarLoan" name="homeLoanTest" time="3.892"/>
  <testcase classname="testCases.TC_001_CarLoan" name="excel" time="1.927"/>
  <testcase classname="testCases.TC_002_EMI" name="emicalculator" time="0.831"/>
  <testcase classname="testCases.TC_002_EMI" name="enterLoanAmt" time="2.977"/>
  <testcase classname="testCases.TC_002_EMI" name="enterInterest" time="2.926"/>
  <testcase classname="testCases.TC_002_EMI" name="enterLoan" time="0.253"/>
  <testcase classname="testCases.TC_002_EMI" name="enterFees" time="3.137"/>
  <testcase classname="testCases.TC_003_Amount" name="loanAmtuiTest" time="0.144"/>
  <testcase classname="testCases.TC_003_Amount" name="enterEMI" time="2.924"/>
  <testcase classname="testCases.TC_003_Amount" name="enterInterest" time="2.894"/>
  <testcase classname="testCases.TC_003_Amount" name="enterTenure" time="0.234"/>
  <testcase classname="testCases.TC_003_Amount" name="enterFees" time="3.108"/>
  <testcase classname="testCases.TC_004_Tenure" name="loanTenureuiTest" time="0.135"/>
  <testcase classname="testCases.TC_004_Tenure" name="loantenuretest" time="3.115"/>
  <testcase classname="testCases.TC_004_Tenure" name="loanInterestTest" time="2.889"/>
  <testcase classname="testCases.TC_004_Tenure" name="loanFeesTest" time="3.129"/>
  <testcase classname="testBase.BaseClass" name="@AfterTest teardown" time="0.0">
    <ignored/>
  </testcase> <!-- @AfterTest teardown -->
  <testcase classname="testBase.BaseClass" name="@AfterTest teardown" time="0.0">
    <ignored/>
  </testcase> <!-- @AfterTest teardown -->
  <testcase classname="testBase.BaseClass" name="@BeforeTest setup" time="0.0">
    <ignored/>
  </testcase> <!-- @BeforeTest setup -->
  <testcase classname="testBase.BaseClass" name="@BeforeTest setup" time="0.0">
    <ignored/>
  </testcase> <!-- @BeforeTest setup -->
  <testcase classname="testBase.BaseClass" name="@BeforeTest setup" time="0.0">
    <ignored/>
  </testcase> <!-- @BeforeTest setup -->
  <testcase classname="testBase.BaseClass" name="@AfterTest teardown" time="0.0">
    <ignored/>
  </testcase> <!-- @AfterTest teardown -->
</testsuite> <!-- Test -->
