<?xml version="1.0" encoding="UTF-8"?>
<!-- Generated by org.testng.reporters.JUnitXMLReporter -->
<testsuite ignored="9" hostname="LTIN291834" failures="0" tests="19" name="Test" time="56.691" errors="0" timestamp="2024-02-12T12:39:18 IST">
  <testcase classname="testCases.TC_001_CarLoan" name="carLoanTest" time="0.04"/>
  <testcase classname="testCases.TC_001_CarLoan" name="carloanvalue" time="1.609"/>
  <testcase classname="testCases.TC_001_CarLoan" name="click_HomeLoan" time="0.989"/>
  <testcase classname="testCases.TC_001_CarLoan" name="homeLoanTest" time="4.734"/>
  <testcase classname="testCases.TC_001_CarLoan" name="excel" time="4.142"/>
  <testcase classname="testCases.TC_002_EMI" name="emicalculator" time="0.001"/>
  <testcase classname="testCases.TC_002_EMI" name="enterLoanAmt" time="3.155"/>
  <testcase classname="testCases.TC_002_EMI" name="enterInterest" time="3.115"/>
  <testcase classname="testCases.TC_002_EMI" name="enterLoan" time="0.581"/>
  <testcase classname="testCases.TC_002_EMI" name="enterFees" time="3.356"/>
  <testcase classname="testCases.TC_003_Amount" name="loanAmtuiTest" time="0.213"/>
  <testcase classname="testCases.TC_003_Amount" name="enterEMI" time="3.033"/>
  <testcase classname="testCases.TC_003_Amount" name="enterInterest" time="3.03"/>
  <testcase classname="testCases.TC_003_Amount" name="enterTenure" time="0.251"/>
  <testcase classname="testCases.TC_003_Amount" name="enterFees" time="3.318"/>
  <testcase classname="testCases.TC_004_Tenure" name="loanTenureuiTest" time="0.276"/>
  <testcase classname="testCases.TC_004_Tenure" name="loantenuretest" time="3.384"/>
  <testcase classname="testCases.TC_004_Tenure" name="loanInterestTest" time="3.226"/>
  <testcase classname="testCases.TC_004_Tenure" name="loanFeesTest" time="3.498"/>
  <testcase classname="testBase.BaseClass" name="@BeforeTest setUpAssert" time="0.0">
    <ignored/>
  </testcase> <!-- @BeforeTest setUpAssert -->
  <testcase classname="testBase.BaseClass" name="@BeforeTest setup" time="0.0">
    <ignored/>
  </testcase> <!-- @BeforeTest setup -->
  <testcase classname="testBase.BaseClass" name="@BeforeTest setup" time="0.0">
    <ignored/>
  </testcase> <!-- @BeforeTest setup -->
  <testcase classname="testBase.BaseClass" name="@BeforeTest setup" time="0.0">
    <ignored/>
  </testcase> <!-- @BeforeTest setup -->
  <testcase classname="testBase.BaseClass" name="@BeforeTest setUpAssert" time="0.0">
    <ignored/>
  </testcase> <!-- @BeforeTest setUpAssert -->
  <testcase classname="testBase.BaseClass" name="@BeforeTest setUpAssert" time="0.0">
    <ignored/>
  </testcase> <!-- @BeforeTest setUpAssert -->
  <testcase classname="testBase.BaseClass" name="@AfterTest teardown" time="0.0">
    <ignored/>
  </testcase> <!-- @AfterTest teardown -->
  <testcase classname="testBase.BaseClass" name="@AfterTest teardown" time="0.0">
    <ignored/>
  </testcase> <!-- @AfterTest teardown -->
  <testcase classname="testBase.BaseClass" name="@AfterTest teardown" time="0.0">
    <ignored/>
  </testcase> <!-- @AfterTest teardown -->
</testsuite> <!-- Test -->
