<?xml version="1.0" encoding="UTF-8"?>
<testsuite xmlns:xsi="http://www.w3.org/2001/XMLSchema-instance" xsi:noNamespaceSchemaLocation="https://maven.apache.org/surefire/maven-surefire-plugin/xsd/surefire-test-report-3.0.xsd" version="3.0" name="TestSuite" time="143.076" tests="16" errors="0" skipped="0" failures="0">
  <properties>
[...]
</properties>
  <testcase name="carLoanTest" classname="testCases.TC_001_CarLoan" time="1.978">
    <system-out><![CDATA[Verified that actual page is same as expected page..
Principal amount of first year: ₹ 1,19,650
Interest amount of first year: ₹ 11,875
]]></system-out>
    <system-err><![CDATA[Feb 07, 2024 11:17:16 AM org.openqa.selenium.manager.SeleniumManager lambda$runCommand$1
WARNING: There was an error managing chrome (error sending request for url (https://googlechromelabs.github.io/chrome-for-testing/known-good-versions-with-downloads.json): error trying to connect: An existing connection was forcibly closed by the remote host. (os error 10054)); using driver found in the cache
]]></system-err>
  </testcase>
  <testcase name="homeLoanTest" classname="testCases.TC_001_CarLoan" time="3.903"/>
  <testcase name="excel" classname="testCases.TC_001_CarLoan" time="2.161">
    <system-out><![CDATA[Excel Writing is Done!!!!!
]]></system-out>
  </testcase>
  <testcase name="emicalculator" classname="testCases.TC_002_EMI" time="1.345">
    <system-out><![CDATA[********UI testing started for Loan EMI Calculator********
----------------------------------------------------------
EMI Calculator page has opened..
]]></system-out>
  </testcase>
  <testcase name="enterLoanAmt" classname="testCases.TC_002_EMI" time="2.946">
    <system-out><![CDATA[Loan Amount Textbox displayed: true
Loan Amount Textbox enabled: true
Loan Amount Textbox value 10,00,000
Intial value of slider:153
Final value of slider: 163
]]></system-out>
  </testcase>
  <testcase name="enterInterest" classname="testCases.TC_002_EMI" time="2.98">
    <system-out><![CDATA[Interest Textbox displayed: true
Interest Textbox enabled: true
Interest Textbox value: 10.75
Intial value of slider:467
Final value of slider: 476
]]></system-out>
  </testcase>
  <testcase name="enterLoan" classname="testCases.TC_002_EMI" time="0.241">
    <system-out><![CDATA[Tenure Textbox displayed: true
Tenure Textbox enabled: true
Tenure Textbox value in year: 5
Tenure Textbox value in Months: 60
Both values are equal..
]]></system-out>
  </testcase>
  <testcase name="enterFees" classname="testCases.TC_002_EMI" time="2.991">
    <system-out><![CDATA[Fees Textbox displayed: true
Fees Textbox enabled: true
Fees value: 10,000
Intial value of slider:185
Final value of slider: 195
]]></system-out>
  </testcase>
  <testcase name="loanAmtuiTest" classname="testCases.TC_003_Amount" time="0.193">
    <system-out><![CDATA[*******UI testing started for Loan Amount Calculator******
----------------------------------------------------------
EMI Calculator page has opened..
]]></system-out>
  </testcase>
  <testcase name="enterEMI" classname="testCases.TC_003_Amount" time="2.956">
    <system-out><![CDATA[EMI Textbox displayed: true
EMI Textbox enabled: true
EMI Textbox value 2,85,868.88
Intial value of slider:443
Final value of slider: 453
]]></system-out>
  </testcase>
  <testcase name="enterInterest" classname="testCases.TC_003_Amount" time="13.023">
    <system-out><![CDATA[Interest Textbox displayed: true
Interest Textbox enabled: true
Interest Textbox value: 10.5
Intial value of slider:459
Final value of slider: 467
]]></system-out>
  </testcase>
  <testcase name="enterTenure" classname="testCases.TC_003_Amount" time="1.114">
    <system-out><![CDATA[Tenure Textbox displayed: true
Tenure Textbox enabled: true
Tenure Textbox value in year: 5
Tenure Textbox value in Months: 60
Both values are equal..
]]></system-out>
  </testcase>
  <testcase name="enterFees" classname="testCases.TC_003_Amount" time="22.708">
    <system-out><![CDATA[Fees Textbox displayed: true
Fees Textbox enabled: true
Fees value: 51,500
Intial value of slider:453
Final value of slider: 463
]]></system-out>
  </testcase>
  <testcase name="loanTenureuiTest" classname="testCases.TC_004_Tenure" time="22.997">
    <system-out><![CDATA[*******UI testing started for Loan Tenure Calculator******
----------------------------------------------------------
Tenure Calculator page has opened..
Loan Amount Textbox displayed: true
Loan Amount Textbox enabled: true
Loan Amount Textbox value 23,26,241
Intial value of slider:195
Final value of slider: 205
EMI Textbox displayed: true
EMI Textbox enabled: true
EMI Textbox value 49,829.17
]]></system-out>
  </testcase>
  <testcase name="loanInterestTest" classname="testCases.TC_004_Tenure" time="23.138">
    <system-out><![CDATA[Interest Textbox displayed: true
Interest Textbox enabled: true
Interest Textbox value: 10.5
Intial value of slider:459
Final value of slider: 467
]]></system-out>
  </testcase>
  <testcase name="loanFeesTest" classname="testCases.TC_004_Tenure" time="23.039">
    <system-out><![CDATA[Fees Textbox displayed: true
Fees Textbox enabled: true
Fees value: 50,000
Intial value of slider:443
Final value of slider: 453
]]></system-out>
  </testcase>
</testsuite>