<?xml version="1.0" encoding="UTF-8"?>
<testsuite xmlns:xsi="http://www.w3.org/2001/XMLSchema-instance" xsi:noNamespaceSchemaLocation="https://maven.apache.org/surefire/maven-surefire-plugin/xsd/surefire-test-report-3.0.xsd" version="3.0" name="TestSuite" time="52.871" tests="19" errors="0" skipped="0" failures="0">
  <properties>
[...]
</properties>
  <testcase name="carLoanTest" classname="testCases.TC_001_CarLoan" time="0.297">
    <system-out><![CDATA[Verified that actual page is same as expected page..
]]></system-out>
  </testcase>
  <testcase name="carloanvalue" classname="testCases.TC_001_CarLoan" time="1.541">
    <system-out><![CDATA[Principal amount of first year: ₹ 1,19,650
Interest amount of first year: ₹ 11,875
]]></system-out>
  </testcase>
  <testcase name="click_HomeLoan" classname="testCases.TC_001_CarLoan" time="0.757"/>
  <testcase name="homeLoanTest" classname="testCases.TC_001_CarLoan" time="4.049">
    <system-out><![CDATA[Verified that actual page is same as expected page..
]]></system-out>
  </testcase>
  <testcase name="excel" classname="testCases.TC_001_CarLoan" time="2.039">
    <system-out><![CDATA[Excel Writing is Done!!!!!
]]></system-out>
    <system-err><![CDATA[org.openqa.selenium.WebDriverException: unknown error: unhandled inspector error: {"code":-32000,"message":"Unable to capture screenshot"}
  (Session info: chrome=120.0.6099.130)
Build info: version: '4.16.1', revision: '9b4c83354e'
System info: os.name: 'Windows 11', os.arch: 'amd64', os.version: '10.0', java.version: '17.0.9'
Driver info: org.openqa.selenium.chrome.ChromeDriver
Command: [18f1cf8c3295545162a023d180458618, screenshot {}]
Capabilities {acceptInsecureCerts: false, browserName: chrome, browserVersion: 120.0.6099.130, chrome: {chromedriverVersion: 120.0.6099.109 (3419140ab66..., userDataDir: C:\Windows\SystemTemp\scope...}, fedcm:accounts: true, goog:chromeOptions: {debuggerAddress: localhost:56551}, networkConnectionEnabled: false, pageLoadStrategy: normal, platformName: windows, proxy: Proxy(), se:cdp: ws://localhost:56551/devtoo..., se:cdpVersion: 120.0.6099.130, setWindowRect: true, strictFileInteractability: false, timeouts: {implicit: 0, pageLoad: 300000, script: 30000}, unhandledPromptBehavior: dismiss and notify, webauthn:extension:credBlob: true, webauthn:extension:largeBlob: true, webauthn:extension:minPinLength: true, webauthn:extension:prf: true, webauthn:virtualAuthenticators: true}
Session ID: 18f1cf8c3295545162a023d180458618
	at java.base/jdk.internal.reflect.NativeConstructorAccessorImpl.newInstance0(Native Method)
	at java.base/jdk.internal.reflect.NativeConstructorAccessorImpl.newInstance(NativeConstructorAccessorImpl.java:77)
	at java.base/jdk.internal.reflect.DelegatingConstructorAccessorImpl.newInstance(DelegatingConstructorAccessorImpl.java:45)
	at java.base/java.lang.reflect.Constructor.newInstanceWithCaller(Constructor.java:499)
	at java.base/java.lang.reflect.Constructor.newInstance(Constructor.java:480)
	at org.openqa.selenium.remote.codec.w3c.W3CHttpResponseCodec.createException(W3CHttpResponseCodec.java:200)
	at org.openqa.selenium.remote.codec.w3c.W3CHttpResponseCodec.decode(W3CHttpResponseCodec.java:133)
	at org.openqa.selenium.remote.codec.w3c.W3CHttpResponseCodec.decode(W3CHttpResponseCodec.java:52)
	at org.openqa.selenium.remote.HttpCommandExecutor.execute(HttpCommandExecutor.java:191)
	at org.openqa.selenium.remote.service.DriverCommandExecutor.invokeExecute(DriverCommandExecutor.java:200)
	at org.openqa.selenium.remote.service.DriverCommandExecutor.execute(DriverCommandExecutor.java:175)
	at org.openqa.selenium.remote.RemoteWebDriver.execute(RemoteWebDriver.java:523)
	at org.openqa.selenium.remote.RemoteWebDriver.execute(RemoteWebDriver.java:596)
	at org.openqa.selenium.remote.RemoteWebDriver.execute(RemoteWebDriver.java:600)
	at org.openqa.selenium.remote.RemoteWebDriver.getScreenshotAs(RemoteWebDriver.java:326)
	at testBase.BaseClass.captureScreen(BaseClass.java:106)
	at Utilities.ExtentReportManager.onTestSuccess(ExtentReportManager.java:90)
	at org.testng.internal.TestListenerHelper.runTestListeners(TestListenerHelper.java:112)
	at org.testng.internal.invokers.TestInvoker.runTestResultListener(TestInvoker.java:263)
	at org.testng.internal.invokers.TestInvoker.invokeMethod(TestInvoker.java:751)
	at org.testng.internal.invokers.TestInvoker.invokeTestMethod(TestInvoker.java:228)
	at org.testng.internal.invokers.MethodRunner.runInSequence(MethodRunner.java:63)
	at org.testng.internal.invokers.TestInvoker$MethodInvocationAgent.invoke(TestInvoker.java:961)
	at org.testng.internal.invokers.TestInvoker.invokeTestMethods(TestInvoker.java:201)
	at org.testng.internal.invokers.TestMethodWorker.invokeTestMethods(TestMethodWorker.java:148)
	at org.testng.internal.invokers.TestMethodWorker.run(TestMethodWorker.java:128)
	at java.base/java.util.ArrayList.forEach(ArrayList.java:1511)
	at org.testng.TestRunner.privateRun(TestRunner.java:819)
	at org.testng.TestRunner.run(TestRunner.java:619)
	at org.testng.SuiteRunner.runTest(SuiteRunner.java:443)
	at org.testng.SuiteRunner.runSequentially(SuiteRunner.java:437)
	at org.testng.SuiteRunner.privateRun(SuiteRunner.java:397)
	at org.testng.SuiteRunner.run(SuiteRunner.java:336)
	at org.testng.SuiteRunnerWorker.runSuite(SuiteRunnerWorker.java:52)
	at org.testng.SuiteRunnerWorker.run(SuiteRunnerWorker.java:95)
	at org.testng.TestNG.runSuitesSequentially(TestNG.java:1301)
	at org.testng.TestNG.runSuitesLocally(TestNG.java:1228)
	at org.testng.TestNG.runSuites(TestNG.java:1134)
	at org.testng.TestNG.run(TestNG.java:1101)
	at org.apache.maven.surefire.testng.TestNGExecutor.run(TestNGExecutor.java:308)
	at org.apache.maven.surefire.testng.TestNGXmlTestSuite.execute(TestNGXmlTestSuite.java:71)
	at org.apache.maven.surefire.testng.TestNGProvider.invoke(TestNGProvider.java:113)
	at org.apache.maven.surefire.booter.ForkedBooter.runSuitesInProcess(ForkedBooter.java:385)
	at org.apache.maven.surefire.booter.ForkedBooter.execute(ForkedBooter.java:162)
	at org.apache.maven.surefire.booter.ForkedBooter.run(ForkedBooter.java:507)
	at org.apache.maven.surefire.booter.ForkedBooter.main(ForkedBooter.java:495)
]]></system-err>
  </testcase>
  <testcase name="emicalculator" classname="testCases.TC_002_EMI" time="1.033">
    <system-out><![CDATA[********UI testing started for Loan EMI Calculator********
----------------------------------------------------------
EMI Calculator page has opened..
]]></system-out>
  </testcase>
  <testcase name="enterLoanAmt" classname="testCases.TC_002_EMI" time="3.194">
    <system-out><![CDATA[Loan Amount Textbox displayed: true
Loan Amount Textbox enabled: true
Loan Amount Textbox value 10,00,000
Intial value of slider:153
Final value of slider: 163
]]></system-out>
  </testcase>
  <testcase name="enterInterest" classname="testCases.TC_002_EMI" time="3.123">
    <system-out><![CDATA[Interest Textbox displayed: true
Interest Textbox enabled: true
Interest Textbox value: 10.75
Intial value of slider:467
Final value of slider: 476
]]></system-out>
  </testcase>
  <testcase name="enterLoan" classname="testCases.TC_002_EMI" time="0.41">
    <system-out><![CDATA[Tenure Textbox displayed: true
Tenure Textbox enabled: true
Tenure Textbox value in year: 5
Tenure Textbox value in Months: 60
Tenure values are Verified
]]></system-out>
  </testcase>
  <testcase name="enterFees" classname="testCases.TC_002_EMI" time="3.301">
    <system-out><![CDATA[Fees Textbox displayed: true
Fees Textbox enabled: true
Fees value: 10,000
Intial value of slider:185
Final value of slider: 195
]]></system-out>
  </testcase>
  <testcase name="loanAmtuiTest" classname="testCases.TC_003_Amount" time="0.312">
    <system-out><![CDATA[*******UI testing started for Loan Amount Calculator******
----------------------------------------------------------
Verified that EMI Calculator page has opened..
]]></system-out>
  </testcase>
  <testcase name="enterEMI" classname="testCases.TC_003_Amount" time="3.164">
    <system-out><![CDATA[EMI Textbox displayed: true
EMI Textbox enabled: true
EMI Textbox value 3,39,787.19
Intial value of slider:443
Final value of slider: 453
]]></system-out>
  </testcase>
  <testcase name="enterInterest" classname="testCases.TC_003_Amount" time="3.082">
    <system-out><![CDATA[Interest Textbox displayed: true
Interest Textbox enabled: true
Interest Textbox value: 10.25
Intial value of slider:451
Final value of slider: 459
]]></system-out>
  </testcase>
  <testcase name="enterTenure" classname="testCases.TC_003_Amount" time="0.423">
    <system-out><![CDATA[Tenure Textbox displayed: true
Tenure Textbox enabled: true
Tenure Textbox value in year: 5
Tenure Textbox value in Months: 60
Tenure values are Verified
]]></system-out>
  </testcase>
  <testcase name="enterFees" classname="testCases.TC_003_Amount" time="3.262">
    <system-out><![CDATA[Fees Textbox displayed: true
Fees Textbox enabled: true
Fees value: 51,500
Intial value of slider:453
Final value of slider: 463
]]></system-out>
  </testcase>
  <testcase name="loanTenureuiTest" classname="testCases.TC_004_Tenure" time="0.3">
    <system-out><![CDATA[*******UI testing started for Loan Tenure Calculator******
----------------------------------------------------------
Verified that Tenure Calculator page has opened..
]]></system-out>
  </testcase>
  <testcase name="loantenuretest" classname="testCases.TC_004_Tenure" time="3.286">
    <system-out><![CDATA[Loan Amount Textbox displayed: true
Loan Amount Textbox enabled: true
Loan Amount Textbox value 23,39,700
Intial value of slider:195
Final value of slider: 205
EMI Textbox displayed: true
EMI Textbox enabled: true
EMI Textbox value 1,41,584.00
]]></system-out>
  </testcase>
  <testcase name="loanInterestTest" classname="testCases.TC_004_Tenure" time="3.088">
    <system-out><![CDATA[Interest Textbox displayed: true
Interest Textbox enabled: true
Interest Textbox value: 10.25
Intial value of slider:451
Final value of slider: 459
]]></system-out>
  </testcase>
  <testcase name="loanFeesTest" classname="testCases.TC_004_Tenure" time="3.274">
    <system-out><![CDATA[Fees Textbox displayed: true
Fees Textbox enabled: true
Fees value: 50,000
Intial value of slider:443
Final value of slider: 453
]]></system-out>
  </testcase>
</testsuite>