<?xml version="1.0" encoding="UTF-8"?>
<testng-results ignored="0" total="18" passed="18" failed="0" skipped="0">
  <reporter-output>
  </reporter-output>
  <suite started-at="2024-02-13T10:46:08 IST" name="Suite" finished-at="2024-02-13T10:46:58 IST" duration-ms="49466">
    <groups>
      <group name="regression">
        <method signature="TC_001_CarLoan.carLoanTest()[pri:1, instance:testCases.TC_001_CarLoan@2fb68ec6]" name="carLoanTest" class="testCases.TC_001_CarLoan"/>
        <method signature="TC_001_CarLoan.carloanvalue()[pri:2, instance:testCases.TC_001_CarLoan@2fb68ec6]" name="carloanvalue" class="testCases.TC_001_CarLoan"/>
        <method signature="TC_001_CarLoan.click_HomeLoan()[pri:3, instance:testCases.TC_001_CarLoan@2fb68ec6]" name="click_HomeLoan" class="testCases.TC_001_CarLoan"/>
        <method signature="TC_001_CarLoan.homeLoanTest()[pri:4, instance:testCases.TC_001_CarLoan@2fb68ec6]" name="homeLoanTest" class="testCases.TC_001_CarLoan"/>
        <method signature="TC_001_CarLoan.excel()[pri:5, instance:testCases.TC_001_CarLoan@2fb68ec6]" name="excel" class="testCases.TC_001_CarLoan"/>
        <method signature="TC_002_EMI.enterLoanAmt()[pri:6, instance:testCases.TC_002_EMI@7ba63fe5]" name="enterLoanAmt" class="testCases.TC_002_EMI"/>
        <method signature="TC_002_EMI.enterInterest()[pri:7, instance:testCases.TC_002_EMI@7ba63fe5]" name="enterInterest" class="testCases.TC_002_EMI"/>
        <method signature="TC_002_EMI.enterLoan()[pri:8, instance:testCases.TC_002_EMI@7ba63fe5]" name="enterLoan" class="testCases.TC_002_EMI"/>
        <method signature="TC_002_EMI.enterFees()[pri:9, instance:testCases.TC_002_EMI@7ba63fe5]" name="enterFees" class="testCases.TC_002_EMI"/>
        <method signature="TC_003_Amount.loanAmtuiTest()[pri:10, instance:testCases.TC_003_Amount@73386d72]" name="loanAmtuiTest" class="testCases.TC_003_Amount"/>
        <method signature="TC_003_Amount.enterEMI()[pri:11, instance:testCases.TC_003_Amount@73386d72]" name="enterEMI" class="testCases.TC_003_Amount"/>
        <method signature="TC_003_Amount.enterInterest()[pri:12, instance:testCases.TC_003_Amount@73386d72]" name="enterInterest" class="testCases.TC_003_Amount"/>
        <method signature="TC_003_Amount.enterTenure()[pri:13, instance:testCases.TC_003_Amount@73386d72]" name="enterTenure" class="testCases.TC_003_Amount"/>
        <method signature="TC_003_Amount.enterFees()[pri:14, instance:testCases.TC_003_Amount@73386d72]" name="enterFees" class="testCases.TC_003_Amount"/>
        <method signature="TC_004_Tenure.loanTenureuiTest()[pri:15, instance:testCases.TC_004_Tenure@4010d494]" name="loanTenureuiTest" class="testCases.TC_004_Tenure"/>
        <method signature="TC_004_Tenure.loantenuretest()[pri:16, instance:testCases.TC_004_Tenure@4010d494]" name="loantenuretest" class="testCases.TC_004_Tenure"/>
        <method signature="TC_004_Tenure.loanInterestTest()[pri:17, instance:testCases.TC_004_Tenure@4010d494]" name="loanInterestTest" class="testCases.TC_004_Tenure"/>
        <method signature="TC_004_Tenure.loanFeesTest()[pri:18, instance:testCases.TC_004_Tenure@4010d494]" name="loanFeesTest" class="testCases.TC_004_Tenure"/>
      </group> <!-- regression -->
      <group name="sanity">
        <method signature="TC_001_CarLoan.carLoanTest()[pri:1, instance:testCases.TC_001_CarLoan@2fb68ec6]" name="carLoanTest" class="testCases.TC_001_CarLoan"/>
        <method signature="TC_001_CarLoan.click_HomeLoan()[pri:3, instance:testCases.TC_001_CarLoan@2fb68ec6]" name="click_HomeLoan" class="testCases.TC_001_CarLoan"/>
        <method signature="TC_001_CarLoan.excel()[pri:5, instance:testCases.TC_001_CarLoan@2fb68ec6]" name="excel" class="testCases.TC_001_CarLoan"/>
        <method signature="TC_003_Amount.loanAmtuiTest()[pri:10, instance:testCases.TC_003_Amount@73386d72]" name="loanAmtuiTest" class="testCases.TC_003_Amount"/>
        <method signature="TC_004_Tenure.loanTenureuiTest()[pri:15, instance:testCases.TC_004_Tenure@4010d494]" name="loanTenureuiTest" class="testCases.TC_004_Tenure"/>
      </group> <!-- sanity -->
    </groups>
    <test started-at="2024-02-13T10:46:08 IST" name="Test" finished-at="2024-02-13T10:46:58 IST" duration-ms="49466">
      <class name="testCases.TC_001_CarLoan">
        <test-method is-config="true" signature="setup(java.lang.String,java.lang.String)[pri:0, instance:testCases.TC_001_CarLoan@2fb68ec6]" started-at="2024-02-13T10:46:08 IST" name="setup" finished-at="2024-02-13T10:46:15 IST" duration-ms="6883" status="PASS">
          <params>
            <param index="0">
              <value>
                <![CDATA[Windows]]>
              </value>
            </param>
            <param index="1">
              <value>
                <![CDATA[chrome]]>
              </value>
            </param>
          </params>
          <reporter-output>
          </reporter-output>
        </test-method> <!-- setup -->
        <test-method signature="carLoanTest()[pri:1, instance:testCases.TC_001_CarLoan@2fb68ec6]" started-at="2024-02-13T10:46:15 IST" name="carLoanTest" finished-at="2024-02-13T10:46:15 IST" duration-ms="50" status="PASS">
          <reporter-output>
          </reporter-output>
        </test-method> <!-- carLoanTest -->
        <test-method signature="carloanvalue()[pri:2, instance:testCases.TC_001_CarLoan@2fb68ec6]" started-at="2024-02-13T10:46:16 IST" name="carloanvalue" finished-at="2024-02-13T10:46:17 IST" duration-ms="1647" status="PASS">
          <reporter-output>
          </reporter-output>
        </test-method> <!-- carloanvalue -->
        <test-method signature="click_HomeLoan()[pri:3, instance:testCases.TC_001_CarLoan@2fb68ec6]" started-at="2024-02-13T10:46:17 IST" name="click_HomeLoan" finished-at="2024-02-13T10:46:18 IST" duration-ms="513" status="PASS">
          <reporter-output>
          </reporter-output>
        </test-method> <!-- click_HomeLoan -->
        <test-method signature="homeLoanTest()[pri:4, instance:testCases.TC_001_CarLoan@2fb68ec6]" started-at="2024-02-13T10:46:18 IST" name="homeLoanTest" finished-at="2024-02-13T10:46:22 IST" duration-ms="3977" status="PASS">
          <reporter-output>
          </reporter-output>
        </test-method> <!-- homeLoanTest -->
        <test-method signature="excel()[pri:5, instance:testCases.TC_001_CarLoan@2fb68ec6]" started-at="2024-02-13T10:46:22 IST" name="excel" finished-at="2024-02-13T10:46:26 IST" duration-ms="3288" status="PASS">
          <reporter-output>
          </reporter-output>
        </test-method> <!-- excel -->
        <test-method is-config="true" signature="teardown()[pri:0, instance:testCases.TC_001_CarLoan@2fb68ec6]" started-at="2024-02-13T10:46:56 IST" name="teardown" finished-at="2024-02-13T10:46:58 IST" duration-ms="1153" status="PASS">
          <reporter-output>
          </reporter-output>
        </test-method> <!-- teardown -->
      </class> <!-- testCases.TC_001_CarLoan -->
      <class name="testCases.TC_002_EMI">
        <test-method signature="enterLoanAmt()[pri:6, instance:testCases.TC_002_EMI@7ba63fe5]" started-at="2024-02-13T10:46:26 IST" name="enterLoanAmt" finished-at="2024-02-13T10:46:29 IST" duration-ms="2963" status="PASS">
          <reporter-output>
          </reporter-output>
        </test-method> <!-- enterLoanAmt -->
        <test-method signature="enterInterest()[pri:7, instance:testCases.TC_002_EMI@7ba63fe5]" started-at="2024-02-13T10:46:29 IST" name="enterInterest" finished-at="2024-02-13T10:46:32 IST" duration-ms="2952" status="PASS">
          <reporter-output>
          </reporter-output>
        </test-method> <!-- enterInterest -->
        <test-method signature="enterLoan()[pri:8, instance:testCases.TC_002_EMI@7ba63fe5]" started-at="2024-02-13T10:46:32 IST" name="enterLoan" finished-at="2024-02-13T10:46:33 IST" duration-ms="250" status="PASS">
          <reporter-output>
          </reporter-output>
        </test-method> <!-- enterLoan -->
        <test-method signature="enterFees()[pri:9, instance:testCases.TC_002_EMI@7ba63fe5]" started-at="2024-02-13T10:46:33 IST" name="enterFees" finished-at="2024-02-13T10:46:36 IST" duration-ms="3128" status="PASS">
          <reporter-output>
          </reporter-output>
        </test-method> <!-- enterFees -->
      </class> <!-- testCases.TC_002_EMI -->
      <class name="testCases.TC_003_Amount">
        <test-method signature="loanAmtuiTest()[pri:10, instance:testCases.TC_003_Amount@73386d72]" started-at="2024-02-13T10:46:36 IST" name="loanAmtuiTest" finished-at="2024-02-13T10:46:36 IST" duration-ms="175" status="PASS">
          <reporter-output>
          </reporter-output>
        </test-method> <!-- loanAmtuiTest -->
        <test-method signature="enterEMI()[pri:11, instance:testCases.TC_003_Amount@73386d72]" started-at="2024-02-13T10:46:36 IST" name="enterEMI" finished-at="2024-02-13T10:46:39 IST" duration-ms="2952" status="PASS">
          <reporter-output>
          </reporter-output>
        </test-method> <!-- enterEMI -->
        <test-method signature="enterInterest()[pri:12, instance:testCases.TC_003_Amount@73386d72]" started-at="2024-02-13T10:46:39 IST" name="enterInterest" finished-at="2024-02-13T10:46:42 IST" duration-ms="2891" status="PASS">
          <reporter-output>
          </reporter-output>
        </test-method> <!-- enterInterest -->
        <test-method signature="enterTenure()[pri:13, instance:testCases.TC_003_Amount@73386d72]" started-at="2024-02-13T10:46:43 IST" name="enterTenure" finished-at="2024-02-13T10:46:43 IST" duration-ms="264" status="PASS">
          <reporter-output>
          </reporter-output>
        </test-method> <!-- enterTenure -->
        <test-method signature="enterFees()[pri:14, instance:testCases.TC_003_Amount@73386d72]" started-at="2024-02-13T10:46:43 IST" name="enterFees" finished-at="2024-02-13T10:46:46 IST" duration-ms="3172" status="PASS">
          <reporter-output>
          </reporter-output>
        </test-method> <!-- enterFees -->
      </class> <!-- testCases.TC_003_Amount -->
      <class name="testCases.TC_004_Tenure">
        <test-method signature="loanTenureuiTest()[pri:15, instance:testCases.TC_004_Tenure@4010d494]" started-at="2024-02-13T10:46:46 IST" name="loanTenureuiTest" finished-at="2024-02-13T10:46:47 IST" duration-ms="153" status="PASS">
          <reporter-output>
          </reporter-output>
        </test-method> <!-- loanTenureuiTest -->
        <test-method signature="loantenuretest()[pri:16, instance:testCases.TC_004_Tenure@4010d494]" started-at="2024-02-13T10:46:47 IST" name="loantenuretest" finished-at="2024-02-13T10:46:50 IST" duration-ms="3093" status="PASS">
          <reporter-output>
          </reporter-output>
        </test-method> <!-- loantenuretest -->
        <test-method signature="loanInterestTest()[pri:17, instance:testCases.TC_004_Tenure@4010d494]" started-at="2024-02-13T10:46:50 IST" name="loanInterestTest" finished-at="2024-02-13T10:46:53 IST" duration-ms="2947" status="PASS">
          <reporter-output>
          </reporter-output>
        </test-method> <!-- loanInterestTest -->
        <test-method signature="loanFeesTest()[pri:18, instance:testCases.TC_004_Tenure@4010d494]" started-at="2024-02-13T10:46:53 IST" name="loanFeesTest" finished-at="2024-02-13T10:46:56 IST" duration-ms="3108" status="PASS">
          <reporter-output>
          </reporter-output>
        </test-method> <!-- loanFeesTest -->
      </class> <!-- testCases.TC_004_Tenure -->
    </test> <!-- Test -->
  </suite> <!-- Suite -->
</testng-results>
