<?xml version="1.0" encoding="UTF-8"?>
<testng-results ignored="0" total="18" passed="18" failed="0" skipped="0">
  <reporter-output>
  </reporter-output>
  <suite started-at="2024-02-13T09:39:18 IST" name="Suite" finished-at="2024-02-13T09:40:10 IST" duration-ms="51522">
    <groups>
      <group name="regression">
        <method signature="TC_001_CarLoan.carLoanTest()[pri:1, instance:testCases.TC_001_CarLoan@2fb68ec6]" name="carLoanTest" class="testCases.TC_001_CarLoan"/>
        <method signature="TC_001_CarLoan.carloanvalue()[pri:2, instance:testCases.TC_001_CarLoan@2fb68ec6]" name="carloanvalue" class="testCases.TC_001_CarLoan"/>
        <method signature="TC_001_CarLoan.click_HomeLoan()[pri:3, instance:testCases.TC_001_CarLoan@2fb68ec6]" name="click_HomeLoan" class="testCases.TC_001_CarLoan"/>
        <method signature="TC_001_CarLoan.homeLoanTest()[pri:4, instance:testCases.TC_001_CarLoan@2fb68ec6]" name="homeLoanTest" class="testCases.TC_001_CarLoan"/>
        <method signature="TC_001_CarLoan.excel()[pri:5, instance:testCases.TC_001_CarLoan@2fb68ec6]" name="excel" class="testCases.TC_001_CarLoan"/>
        <method signature="TC_002_EMI.enterLoanAmt()[pri:6, instance:testCases.TC_002_EMI@7ba63fe5]" name="enterLoanAmt" class="testCases.TC_002_EMI"/>
        <method signature="TC_002_EMI.enterInterest()[pri:7, instance:testCases.TC_002_EMI@7ba63fe5]" name="enterInterest" class="testCases.TC_002_EMI"/>
        <method signature="TC_002_EMI.enterLoan()[pri:8, instance:testCases.TC_002_EMI@7ba63fe5]" name="enterLoan" class="testCases.TC_002_EMI"/>
        <method signature="TC_002_EMI.enterFees()[pri:9, instance:testCases.TC_002_EMI@7ba63fe5]" name="enterFees" class="testCases.TC_002_EMI"/>
        <method signature="TC_003_Amount.loanAmtuiTest()[pri:10, instance:testCases.TC_003_Amount@73386d72]" name="loanAmtuiTest" class="testCases.TC_003_Amount"/>
        <method signature="TC_003_Amount.enterEMI()[pri:11, instance:testCases.TC_003_Amount@73386d72]" name="enterEMI" class="testCases.TC_003_Amount"/>
        <method signature="TC_003_Amount.enterInterest()[pri:12, instance:testCases.TC_003_Amount@73386d72]" name="enterInterest" class="testCases.TC_003_Amount"/>
        <method signature="TC_003_Amount.enterTenure()[pri:13, instance:testCases.TC_003_Amount@73386d72]" name="enterTenure" class="testCases.TC_003_Amount"/>
        <method signature="TC_003_Amount.enterFees()[pri:14, instance:testCases.TC_003_Amount@73386d72]" name="enterFees" class="testCases.TC_003_Amount"/>
        <method signature="TC_004_Tenure.loanTenureuiTest()[pri:15, instance:testCases.TC_004_Tenure@4010d494]" name="loanTenureuiTest" class="testCases.TC_004_Tenure"/>
        <method signature="TC_004_Tenure.loantenuretest()[pri:16, instance:testCases.TC_004_Tenure@4010d494]" name="loantenuretest" class="testCases.TC_004_Tenure"/>
        <method signature="TC_004_Tenure.loanInterestTest()[pri:17, instance:testCases.TC_004_Tenure@4010d494]" name="loanInterestTest" class="testCases.TC_004_Tenure"/>
        <method signature="TC_004_Tenure.loanFeesTest()[pri:18, instance:testCases.TC_004_Tenure@4010d494]" name="loanFeesTest" class="testCases.TC_004_Tenure"/>
      </group> <!-- regression -->
      <group name="sanity">
        <method signature="TC_001_CarLoan.carLoanTest()[pri:1, instance:testCases.TC_001_CarLoan@2fb68ec6]" name="carLoanTest" class="testCases.TC_001_CarLoan"/>
        <method signature="TC_001_CarLoan.click_HomeLoan()[pri:3, instance:testCases.TC_001_CarLoan@2fb68ec6]" name="click_HomeLoan" class="testCases.TC_001_CarLoan"/>
        <method signature="TC_001_CarLoan.excel()[pri:5, instance:testCases.TC_001_CarLoan@2fb68ec6]" name="excel" class="testCases.TC_001_CarLoan"/>
        <method signature="TC_003_Amount.loanAmtuiTest()[pri:10, instance:testCases.TC_003_Amount@73386d72]" name="loanAmtuiTest" class="testCases.TC_003_Amount"/>
        <method signature="TC_004_Tenure.loanTenureuiTest()[pri:15, instance:testCases.TC_004_Tenure@4010d494]" name="loanTenureuiTest" class="testCases.TC_004_Tenure"/>
      </group> <!-- sanity -->
    </groups>
    <test started-at="2024-02-13T09:39:18 IST" name="Test" finished-at="2024-02-13T09:40:10 IST" duration-ms="51522">
      <class name="testCases.TC_001_CarLoan">
        <test-method is-config="true" signature="setup(java.lang.String,java.lang.String)[pri:0, instance:testCases.TC_001_CarLoan@2fb68ec6]" started-at="2024-02-13T09:39:19 IST" name="setup" finished-at="2024-02-13T09:39:26 IST" duration-ms="7249" status="PASS">
          <params>
            <param index="0">
              <value>
                <![CDATA[Windows]]>
              </value>
            </param>
            <param index="1">
              <value>
                <![CDATA[chrome]]>
              </value>
            </param>
          </params>
          <reporter-output>
          </reporter-output>
        </test-method> <!-- setup -->
        <test-method signature="carLoanTest()[pri:1, instance:testCases.TC_001_CarLoan@2fb68ec6]" started-at="2024-02-13T09:39:26 IST" name="carLoanTest" finished-at="2024-02-13T09:39:26 IST" duration-ms="49" status="PASS">
          <reporter-output>
          </reporter-output>
        </test-method> <!-- carLoanTest -->
        <test-method signature="carloanvalue()[pri:2, instance:testCases.TC_001_CarLoan@2fb68ec6]" started-at="2024-02-13T09:39:26 IST" name="carloanvalue" finished-at="2024-02-13T09:39:28 IST" duration-ms="1776" status="PASS">
          <reporter-output>
          </reporter-output>
        </test-method> <!-- carloanvalue -->
        <test-method signature="click_HomeLoan()[pri:3, instance:testCases.TC_001_CarLoan@2fb68ec6]" started-at="2024-02-13T09:39:28 IST" name="click_HomeLoan" finished-at="2024-02-13T09:39:30 IST" duration-ms="1957" status="PASS">
          <reporter-output>
          </reporter-output>
        </test-method> <!-- click_HomeLoan -->
        <test-method signature="homeLoanTest()[pri:4, instance:testCases.TC_001_CarLoan@2fb68ec6]" started-at="2024-02-13T09:39:30 IST" name="homeLoanTest" finished-at="2024-02-13T09:39:34 IST" duration-ms="3907" status="PASS">
          <reporter-output>
          </reporter-output>
        </test-method> <!-- homeLoanTest -->
        <test-method signature="excel()[pri:5, instance:testCases.TC_001_CarLoan@2fb68ec6]" started-at="2024-02-13T09:39:35 IST" name="excel" finished-at="2024-02-13T09:39:38 IST" duration-ms="3270" status="PASS">
          <reporter-output>
          </reporter-output>
        </test-method> <!-- excel -->
        <test-method is-config="true" signature="teardown()[pri:0, instance:testCases.TC_001_CarLoan@2fb68ec6]" started-at="2024-02-13T09:40:09 IST" name="teardown" finished-at="2024-02-13T09:40:10 IST" duration-ms="1119" status="PASS">
          <reporter-output>
          </reporter-output>
        </test-method> <!-- teardown -->
      </class> <!-- testCases.TC_001_CarLoan -->
      <class name="testCases.TC_002_EMI">
        <test-method signature="enterLoanAmt()[pri:6, instance:testCases.TC_002_EMI@7ba63fe5]" started-at="2024-02-13T09:39:38 IST" name="enterLoanAmt" finished-at="2024-02-13T09:39:41 IST" duration-ms="2988" status="PASS">
          <reporter-output>
          </reporter-output>
        </test-method> <!-- enterLoanAmt -->
        <test-method signature="enterInterest()[pri:7, instance:testCases.TC_002_EMI@7ba63fe5]" started-at="2024-02-13T09:39:41 IST" name="enterInterest" finished-at="2024-02-13T09:39:44 IST" duration-ms="2975" status="PASS">
          <reporter-output>
          </reporter-output>
        </test-method> <!-- enterInterest -->
        <test-method signature="enterLoan()[pri:8, instance:testCases.TC_002_EMI@7ba63fe5]" started-at="2024-02-13T09:39:45 IST" name="enterLoan" finished-at="2024-02-13T09:39:45 IST" duration-ms="344" status="PASS">
          <reporter-output>
          </reporter-output>
        </test-method> <!-- enterLoan -->
        <test-method signature="enterFees()[pri:9, instance:testCases.TC_002_EMI@7ba63fe5]" started-at="2024-02-13T09:39:45 IST" name="enterFees" finished-at="2024-02-13T09:39:48 IST" duration-ms="3228" status="PASS">
          <reporter-output>
          </reporter-output>
        </test-method> <!-- enterFees -->
      </class> <!-- testCases.TC_002_EMI -->
      <class name="testCases.TC_003_Amount">
        <test-method signature="loanAmtuiTest()[pri:10, instance:testCases.TC_003_Amount@73386d72]" started-at="2024-02-13T09:39:48 IST" name="loanAmtuiTest" finished-at="2024-02-13T09:39:49 IST" duration-ms="203" status="PASS">
          <reporter-output>
          </reporter-output>
        </test-method> <!-- loanAmtuiTest -->
        <test-method signature="enterEMI()[pri:11, instance:testCases.TC_003_Amount@73386d72]" started-at="2024-02-13T09:39:49 IST" name="enterEMI" finished-at="2024-02-13T09:39:52 IST" duration-ms="2988" status="PASS">
          <reporter-output>
          </reporter-output>
        </test-method> <!-- enterEMI -->
        <test-method signature="enterInterest()[pri:12, instance:testCases.TC_003_Amount@73386d72]" started-at="2024-02-13T09:39:52 IST" name="enterInterest" finished-at="2024-02-13T09:39:55 IST" duration-ms="2935" status="PASS">
          <reporter-output>
          </reporter-output>
        </test-method> <!-- enterInterest -->
        <test-method signature="enterTenure()[pri:13, instance:testCases.TC_003_Amount@73386d72]" started-at="2024-02-13T09:39:55 IST" name="enterTenure" finished-at="2024-02-13T09:39:55 IST" duration-ms="223" status="PASS">
          <reporter-output>
          </reporter-output>
        </test-method> <!-- enterTenure -->
        <test-method signature="enterFees()[pri:14, instance:testCases.TC_003_Amount@73386d72]" started-at="2024-02-13T09:39:56 IST" name="enterFees" finished-at="2024-02-13T09:39:59 IST" duration-ms="3114" status="PASS">
          <reporter-output>
          </reporter-output>
        </test-method> <!-- enterFees -->
      </class> <!-- testCases.TC_003_Amount -->
      <class name="testCases.TC_004_Tenure">
        <test-method signature="loanTenureuiTest()[pri:15, instance:testCases.TC_004_Tenure@4010d494]" started-at="2024-02-13T09:39:59 IST" name="loanTenureuiTest" finished-at="2024-02-13T09:39:59 IST" duration-ms="140" status="PASS">
          <reporter-output>
          </reporter-output>
        </test-method> <!-- loanTenureuiTest -->
        <test-method signature="loantenuretest()[pri:16, instance:testCases.TC_004_Tenure@4010d494]" started-at="2024-02-13T09:39:59 IST" name="loantenuretest" finished-at="2024-02-13T09:40:02 IST" duration-ms="3064" status="PASS">
          <reporter-output>
          </reporter-output>
        </test-method> <!-- loantenuretest -->
        <test-method signature="loanInterestTest()[pri:17, instance:testCases.TC_004_Tenure@4010d494]" started-at="2024-02-13T09:40:02 IST" name="loanInterestTest" finished-at="2024-02-13T09:40:05 IST" duration-ms="2919" status="PASS">
          <reporter-output>
          </reporter-output>
        </test-method> <!-- loanInterestTest -->
        <test-method signature="loanFeesTest()[pri:18, instance:testCases.TC_004_Tenure@4010d494]" started-at="2024-02-13T09:40:05 IST" name="loanFeesTest" finished-at="2024-02-13T09:40:09 IST" duration-ms="3107" status="PASS">
          <reporter-output>
          </reporter-output>
        </test-method> <!-- loanFeesTest -->
      </class> <!-- testCases.TC_004_Tenure -->
    </test> <!-- Test -->
  </suite> <!-- Suite -->
</testng-results>
